<?xml version="1.0" encoding="UTF-8"?>
<Site BuildName="(empty)"
	BuildStamp="20260313-1059-Experimental"
	Name="(empty)"
	Generator="ctest-3.28.3"
	CompilerName=""
	CompilerVersion=""
	OSName="Linux"
	Hostname="tuba"
	OSRelease="6.8.0-41-generic"
	OSVersion="#41-Ubuntu SMP PREEMPT_DYNAMIC Fri Aug  2 20:41:06 UTC 2024"
	OSPlatform="x86_64"
	Is64Bits="1"
	VendorString="AuthenticAMD"
	VendorID="Advanced Micro Devices"
	FamilyID="23"
	ModelID="113"
	ProcessorCacheSize="512"
	NumberOfLogicalCPU="32"
	NumberOfPhysicalCPU="16"
	TotalVirtualMemory="979"
	TotalPhysicalMemory="64221"
	LogicalProcessorsPerPhysical="2"
	ProcessorClockFrequency="1933.93"
	>
	<Testing>
		<StartDateTime>Mar 13 12:42 CET</StartDateTime>
		<StartTestTime>1773402141</StartTestTime>
		<TestList/>
		<EndDateTime>Mar 13 12:42 CET</EndDateTime>
		<EndTestTime>1773402141</EndTestTime>
		<ElapsedMinutes>0</ElapsedMinutes>
	</Testing>
</Site>
